---
driver=<class 'textual._linux_driver.LinuxDriver'>
Mount() >>> GridTest(title='Grid Test')
Mount() >>> DockView(name='DockView#1')
Mount() >>> View(name='View#1')
PROCESS END
Placeholder(name='Placeholder#6')
Leave() >>> Placeholder(name='Placeholder#6', mouse_over=True)
Enter() >>> Placeholder(name='Placeholder#19')
Leave() >>> Placeholder(name='Placeholder#19', mouse_over=True)
Enter() >>> Placeholder(name='Placeholder#14')
Leave() >>> Placeholder(name='Placeholder#14', mouse_over=True)
Enter() >>> Placeholder(name='Placeholder#13')
Leave() >>> Placeholder(name='Placeholder#13', mouse_over=True)
Enter() >>> Placeholder(name='Placeholder#21')
set_focus Placeholder(name='Placeholder#21', mouse_over=True)
Focus() >>> Placeholder(name='Placeholder#21', mouse_over=True)
MouseDown(x=26, y=7, screen_x=46, screen_y=18, button=1) >>> Placeholder(name='Placeholder#21', has_focus=True, mouse_over=True)
MouseUp(x=26, y=7, screen_x=46, screen_y=18, button=1) >>> Placeholder(name='Placeholder#21', has_focus=True, mouse_over=True)
Click(x=26, y=7, screen_x=46, screen_y=18, button=1) >>> Placeholder(name='Placeholder#21', has_focus=True, mouse_over=True)
Leave() >>> Placeholder(name='Placeholder#21', has_focus=True, mouse_over=True)
Enter() >>> Placeholder(name='Placeholder#9')
Leave() >>> Placeholder(name='Placeholder#9', mouse_over=True)
Enter() >>> Placeholder(name='Placeholder#21', has_focus=True)
set_focus Placeholder(name='Placeholder#21', has_focus=True, mouse_over=True)
MouseDown(x=42, y=8, screen_x=62, screen_y=19, button=1) >>> Placeholder(name='Placeholder#21', has_focus=True, mouse_over=True)
MouseUp(x=42, y=8, screen_x=62, screen_y=19, button=1) >>> Placeholder(name='Placeholder#21', has_focus=True, mouse_over=True)
Click(x=42, y=8, screen_x=62, screen_y=19, button=1) >>> Placeholder(name='Placeholder#21', has_focus=True, mouse_over=True)
Leave() >>> Placeholder(name='Placeholder#21', has_focus=True, mouse_over=True)
Enter() >>> Placeholder(name='Placeholder#7')
set_focus Placeholder(name='Placeholder#7', mouse_over=True)
Blur() >>> Placeholder(name='Placeholder#21', has_focus=True)
Focus() >>> Placeholder(name='Placeholder#7', mouse_over=True)
MouseDown(x=4, y=6, screen_x=84, screen_y=17, button=1) >>> Placeholder(name='Placeholder#7', has_focus=True, mouse_over=True)
MouseUp(x=4, y=6, screen_x=84, screen_y=17, button=1) >>> Placeholder(name='Placeholder#7', has_focus=True, mouse_over=True)
Click(x=4, y=6, screen_x=84, screen_y=17, button=1) >>> Placeholder(name='Placeholder#7', has_focus=True, mouse_over=True)
Leave() >>> Placeholder(name='Placeholder#7', has_focus=True, mouse_over=True)
Enter() >>> Placeholder(name='Placeholder#5')
set_focus Placeholder(name='Placeholder#5', mouse_over=True)
Blur() >>> Placeholder(name='Placeholder#7', has_focus=True)
Focus() >>> Placeholder(name='Placeholder#5', mouse_over=True)
MouseDown(x=2, y=6, screen_x=82, screen_y=7, button=1) >>> Placeholder(name='Placeholder#5', has_focus=True, mouse_over=True)
MouseUp(x=2, y=6, screen_x=82, screen_y=7, button=1) >>> Placeholder(name='Placeholder#5', has_focus=True, mouse_over=True)
Click(x=2, y=6, screen_x=82, screen_y=7, button=1) >>> Placeholder(name='Placeholder#5', has_focus=True, mouse_over=True)
Leave() >>> Placeholder(name='Placeholder#5', has_focus=True, mouse_over=True)
Enter() >>> Placeholder(name='Placeholder#4')
set_focus Placeholder(name='Placeholder#4', mouse_over=True)
Blur() >>> Placeholder(name='Placeholder#5', has_focus=True)
Focus() >>> Placeholder(name='Placeholder#4', mouse_over=True)
MouseDown(x=9, y=4, screen_x=69, screen_y=5, button=1) >>> Placeholder(name='Placeholder#4', has_focus=True, mouse_over=True)
MouseUp(x=9, y=4, screen_x=69, screen_y=5, button=1) >>> Placeholder(name='Placeholder#4', has_focus=True, mouse_over=True)
Click(x=9, y=4, screen_x=69, screen_y=5, button=1) >>> Placeholder(name='Placeholder#4', has_focus=True, mouse_over=True)
Leave() >>> Placeholder(name='Placeholder#4', has_focus=True, mouse_over=True)
Enter() >>> Placeholder(name='Placeholder#3')
set_focus Placeholder(name='Placeholder#3', mouse_over=True)
Blur() >>> Placeholder(name='Placeholder#4', has_focus=True)
Focus() >>> Placeholder(name='Placeholder#3', mouse_over=True)
MouseDown(x=9, y=3, screen_x=49, screen_y=4, button=1) >>> Placeholder(name='Placeholder#3', has_focus=True, mouse_over=True)
MouseUp(x=9, y=3, screen_x=49, screen_y=4, button=1) >>> Placeholder(name='Placeholder#3', has_focus=True, mouse_over=True)
Click(x=9, y=3, screen_x=49, screen_y=4, button=1) >>> Placeholder(name='Placeholder#3', has_focus=True, mouse_over=True)
Leave() >>> Placeholder(name='Placeholder#3', has_focus=True, mouse_over=True)
Enter() >>> Placeholder(name='Placeholder#2')
set_focus Placeholder(name='Placeholder#2', mouse_over=True)
Blur() >>> Placeholder(name='Placeholder#3', has_focus=True)
Focus() >>> Placeholder(name='Placeholder#2', mouse_over=True)
MouseDown(x=8, y=3, screen_x=28, screen_y=4, button=1) >>> Placeholder(name='Placeholder#2', has_focus=True, mouse_over=True)
MouseUp(x=8, y=3, screen_x=28, screen_y=4, button=1) >>> Placeholder(name='Placeholder#2', has_focus=True, mouse_over=True)
Click(x=8, y=3, screen_x=28, screen_y=4, button=1) >>> Placeholder(name='Placeholder#2', has_focus=True, mouse_over=True)
Leave() >>> Placeholder(name='Placeholder#2', has_focus=True, mouse_over=True)
Enter() >>> Placeholder(name='Placeholder#1')
set_focus Placeholder(name='Placeholder#1', mouse_over=True)
Blur() >>> Placeholder(name='Placeholder#2', has_focus=True)
Focus() >>> Placeholder(name='Placeholder#1', mouse_over=True)
MouseDown(x=10, y=2, screen_y=3, button=1) >>> Placeholder(name='Placeholder#1', has_focus=True, mouse_over=True)
MouseUp(x=10, y=2, screen_y=3, button=1) >>> Placeholder(name='Placeholder#1', has_focus=True, mouse_over=True)
Click(x=10, y=2, screen_y=3, button=1) >>> Placeholder(name='Placeholder#1', has_focus=True, mouse_over=True)
Leave() >>> Placeholder(name='Placeholder#1', has_focus=True, mouse_over=True)
Enter() >>> Placeholder(name='Placeholder#6')
set_focus Placeholder(name='Placeholder#6', mouse_over=True)
Blur() >>> Placeholder(name='Placeholder#1', has_focus=True)
Focus() >>> Placeholder(name='Placeholder#6', mouse_over=True)
MouseDown(x=6, y=3, screen_y=14, button=1) >>> Placeholder(name='Placeholder#6', has_focus=True, mouse_over=True)
MouseUp(x=6, y=3, screen_y=14, button=1) >>> Placeholder(name='Placeholder#6', has_focus=True, mouse_over=True)
Click(x=6, y=3, screen_y=14, button=1) >>> Placeholder(name='Placeholder#6', has_focus=True, mouse_over=True)
Leave() >>> Placeholder(name='Placeholder#6', has_focus=True, mouse_over=True)
Enter() >>> Placeholder(name='Placeholder#8')
set_focus Placeholder(name='Placeholder#8', mouse_over=True)
Blur() >>> Placeholder(name='Placeholder#6', has_focus=True)
Focus() >>> Placeholder(name='Placeholder#8', mouse_over=True)
MouseDown(x=8, y=3, screen_y=24, button=1) >>> Placeholder(name='Placeholder#8', has_focus=True, mouse_over=True)
MouseUp(x=8, y=3, screen_y=24, button=1) >>> Placeholder(name='Placeholder#8', has_focus=True, mouse_over=True)
Click(x=8, y=3, screen_y=24, button=1) >>> Placeholder(name='Placeholder#8', has_focus=True, mouse_over=True)
Leave() >>> Placeholder(name='Placeholder#8', has_focus=True, mouse_over=True)
Enter() >>> Placeholder(name='Placeholder#10')
set_focus Placeholder(name='Placeholder#10', mouse_over=True)
Blur() >>> Placeholder(name='Placeholder#8', has_focus=True)
Focus() >>> Placeholder(name='Placeholder#10', mouse_over=True)
MouseDown(x=11, y=6, screen_y=37, button=1) >>> Placeholder(name='Placeholder#10', has_focus=True, mouse_over=True)
MouseUp(x=11, y=6, screen_y=37, button=1) >>> Placeholder(name='Placeholder#10', has_focus=True, mouse_over=True)
Click(x=11, y=6, screen_y=37, button=1) >>> Placeholder(name='Placeholder#10', has_focus=True, mouse_over=True)
Leave() >>> Placeholder(name='Placeholder#10', has_focus=True, mouse_over=True)
Enter() >>> Placeholder(name='Placeholder#15')
set_focus Placeholder(name='Placeholder#15', mouse_over=True)
Blur() >>> Placeholder(name='Placeholder#10', has_focus=True)
Focus() >>> Placeholder(name='Placeholder#15', mouse_over=True)
MouseDown(x=11, y=4, screen_y=45, button=1) >>> Placeholder(name='Placeholder#15', has_focus=True, mouse_over=True)
MouseUp(x=11, y=4, screen_y=45, button=1) >>> Placeholder(name='Placeholder#15', has_focus=True, mouse_over=True)
Click(x=11, y=4, screen_y=45, button=1) >>> Placeholder(name='Placeholder#15', has_focus=True, mouse_over=True)
Leave() >>> Placeholder(name='Placeholder#15', has_focus=True, mouse_over=True)
Enter() >>> Placeholder(name='Placeholder#16')
Leave() >>> Placeholder(name='Placeholder#16', mouse_over=True)
Enter() >>> Placeholder(name='Placeholder#17')
Leave() >>> Placeholder(name='Placeholder#17', mouse_over=True)
Enter() >>> Placeholder(name='Placeholder#18')
Leave() >>> Placeholder(name='Placeholder#18', mouse_over=True)
Enter() >>> Placeholder(name='Placeholder#19')
Leave() >>> Placeholder(name='Placeholder#19', mouse_over=True)
Enter() >>> Placeholder(name='Placeholder#14')
set_focus Placeholder(name='Placeholder#14', mouse_over=True)
Blur() >>> Placeholder(name='Placeholder#15', has_focus=True)
Focus() >>> Placeholder(name='Placeholder#14', mouse_over=True)
MouseDown(x=7, y=7, screen_x=87, screen_y=38, button=1) >>> Placeholder(name='Placeholder#14', has_focus=True, mouse_over=True)
MouseUp(x=7, y=7, screen_x=87, screen_y=38, button=1) >>> Placeholder(name='Placeholder#14', has_focus=True, mouse_over=True)
Click(x=7, y=7, screen_x=87, screen_y=38, button=1) >>> Placeholder(name='Placeholder#14', has_focus=True, mouse_over=True)
Leave() >>> Placeholder(name='Placeholder#14', has_focus=True, mouse_over=True)
Enter() >>> Placeholder(name='Placeholder#13')
set_focus Placeholder(name='Placeholder#13', mouse_over=True)
Blur() >>> Placeholder(name='Placeholder#14', has_focus=True)
Focus() >>> Placeholder(name='Placeholder#13', mouse_over=True)
MouseDown(x=7, y=6, screen_x=67, screen_y=37, button=1) >>> Placeholder(name='Placeholder#13', has_focus=True, mouse_over=True)
MouseUp(x=7, y=6, screen_x=67, screen_y=37, button=1) >>> Placeholder(name='Placeholder#13', has_focus=True, mouse_over=True)
Click(x=7, y=6, screen_x=67, screen_y=37, button=1) >>> Placeholder(name='Placeholder#13', has_focus=True, mouse_over=True)
Leave() >>> Placeholder(name='Placeholder#13', has_focus=True, mouse_over=True)
Enter() >>> Placeholder(name='Placeholder#12')
set_focus Placeholder(name='Placeholder#12', mouse_over=True)
Blur() >>> Placeholder(name='Placeholder#13', has_focus=True)
Focus() >>> Placeholder(name='Placeholder#12', mouse_over=True)
MouseDown(x=9, y=5, screen_x=49, screen_y=36, button=1) >>> Placeholder(name='Placeholder#12', has_focus=True, mouse_over=True)
MouseUp(x=9, y=5, screen_x=49, screen_y=36, button=1) >>> Placeholder(name='Placeholder#12', has_focus=True, mouse_over=True)
Click(x=9, y=5, screen_x=49, screen_y=36, button=1) >>> Placeholder(name='Placeholder#12', has_focus=True, mouse_over=True)
Leave() >>> Placeholder(name='Placeholder#12', has_focus=True, mouse_over=True)
Enter() >>> Placeholder(name='Placeholder#11')
set_focus Placeholder(name='Placeholder#11', mouse_over=True)
Blur() >>> Placeholder(name='Placeholder#12', has_focus=True)
Focus() >>> Placeholder(name='Placeholder#11', mouse_over=True)
MouseDown(x=12, y=4, screen_x=32, screen_y=35, button=1) >>> Placeholder(name='Placeholder#11', has_focus=True, mouse_over=True)
MouseUp(x=12, y=4, screen_x=32, screen_y=35, button=1) >>> Placeholder(name='Placeholder#11', has_focus=True, mouse_over=True)
Click(x=12, y=4, screen_x=32, screen_y=35, button=1) >>> Placeholder(name='Placeholder#11', has_focus=True, mouse_over=True)
Leave() >>> Placeholder(name='Placeholder#11', has_focus=True, mouse_over=True)
Enter() >>> Placeholder(name='Placeholder#10')
set_focus Placeholder(name='Placeholder#10', mouse_over=True)
Blur() >>> Placeholder(name='Placeholder#11', has_focus=True)
Focus() >>> Placeholder(name='Placeholder#10', mouse_over=True)
MouseDown(x=10, y=4, screen_y=35, button=1) >>> Placeholder(name='Placeholder#10', has_focus=True, mouse_over=True)
MouseUp(x=10, y=4, screen_y=35, button=1) >>> Placeholder(name='Placeholder#10', has_focus=True, mouse_over=True)
Click(x=10, y=4, screen_y=35, button=1) >>> Placeholder(name='Placeholder#10', has_focus=True, mouse_over=True)
Leave() >>> Placeholder(name='Placeholder#10', has_focus=True, mouse_over=True)
Enter() >>> Placeholder(name='Placeholder#11')
Leave() >>> Placeholder(name='Placeholder#11', mouse_over=True)
Enter() >>> Placeholder(name='Placeholder#12')
Leave() >>> Placeholder(name='Placeholder#12', mouse_over=True)
Enter() >>> Placeholder(name='Placeholder#13')
Leave() >>> Placeholder(name='Placeholder#13', mouse_over=True)
Enter() >>> Placeholder(name='Placeholder#21')
Leave() >>> Placeholder(name='Placeholder#21', mouse_over=True)
Enter() >>> Placeholder(name='Placeholder#7')
Leave() >>> Placeholder(name='Placeholder#7', mouse_over=True)
Enter() >>> Placeholder(name='Placeholder#20')
Leave() >>> Placeholder(name='Placeholder#20', mouse_over=True)
Enter() >>> Placeholder(name='Placeholder#19')
Leave() >>> Placeholder(name='Placeholder#19', mouse_over=True)
Enter() >>> Placeholder(name='Placeholder#18')
Leave() >>> Placeholder(name='Placeholder#18', mouse_over=True)
Enter() >>> Placeholder(name='Placeholder#21')
Leave() >>> Placeholder(name='Placeholder#21', mouse_over=True)
Enter() >>> Placeholder(name='Placeholder#21')
Leave() >>> Placeholder(name='Placeholder#21', mouse_over=True)
Enter() >>> Placeholder(name='Placeholder#1')
Leave() >>> Placeholder(name='Placeholder#1', mouse_over=True)
